#
# There is insufficient memory for the Java Runtime Environment to continue.
# Native memory allocation (malloc) failed to allocate 309536 bytes. Error detail: Chunk::new
# Possible reasons:
#   The system is out of physical RAM or swap space
#   This process is running with CompressedOops enabled, and the Java Heap may be blocking the growth of the native heap
# Possible solutions:
#   Reduce memory load on the system
#   Increase physical memory or swap space
#   Check if swap backing store is full
#   Decrease Java heap size (-Xmx/-Xms)
#   Decrease number of Java threads
#   Decrease Java thread stack sizes (-Xss)
#   Set larger code cache with -XX:ReservedCodeCacheSize=
#   JVM is running with Unscaled Compressed Oops mode in which the Java heap is
#     placed in the first 4GB address space. The Java Heap base address is the
#     maximum limit for the native heap growth. Please use -XX:HeapBaseMinAddress
#     to set the Java Heap base and to place the Java Heap above 4GB virtual address.
# This output file may be truncated or incomplete.
#
#  Out of Memory Error (arena.cpp:168), pid=15052, tid=29260
#
# JRE version: OpenJDK Runtime Environment Temurin-21.0.9+10 (21.0.9+10) (build 21.0.9+10-LTS)
# Java VM: OpenJDK 64-Bit Server VM Temurin-21.0.9+10 (21.0.9+10-LTS, mixed mode, sharing, tiered, compressed oops, compressed class ptrs, parallel gc, windows-amd64)
# No core dump will be written. Minidumps are not enabled by default on client versions of Windows
#

---------------  S U M M A R Y ------------

Command Line: --add-modules=ALL-SYSTEM --add-opens=java.base/java.util=ALL-UNNAMED --add-opens=java.base/java.lang=ALL-UNNAMED --add-opens=java.base/sun.nio.fs=ALL-UNNAMED -Declipse.application=org.eclipse.jdt.ls.core.id1 -Dosgi.bundles.defaultStartLevel=4 -Declipse.product=org.eclipse.jdt.ls.core.product -Djava.import.generatesMetadataFilesAtProjectRoot=false -DDetectVMInstallationsJob.disabled=true -Dfile.encoding=utf8 -XX:+UseParallelGC -XX:GCTimeRatio=4 -XX:AdaptiveSizePolicyWeight=90 -Dsun.zip.disableMemoryMapping=true -Xmx2G -Xms100m -Xlog:disable -javaagent:c:\Users\Administrateur\.vscode\extensions\redhat.java-1.50.0-win32-x64\lombok\lombok-1.18.39-4050.jar c:\Users\Administrateur\.vscode\extensions\redhat.java-1.50.0-win32-x64\server\plugins\org.eclipse.equinox.launcher_1.7.100.v20251111-0406.jar -configuration c:\Users\Administrateur\AppData\Roaming\Code\User\globalStorage\redhat.java\1.50.0\config_ss_win -data c:\Users\Administrateur\AppData\Roaming\Code\User\workspaceStorage\4673bdc2dac721a47baaf439dc587f97\redhat.java\ss_ws --pipe=\\.\pipe\lsp-729ed562f8c28aee6ccd805887c3561d-sock

Host: 13th Gen Intel(R) Core(TM) i5-1335U, 12 cores, 15G,  Windows 10 , 64 bit Build 19041 (10.0.19041.5915)
Time: Wed Dec 10 10:30:12 2025 Romance Standard Time elapsed time: 0.861600 seconds (0d 0h 0m 0s)

---------------  T H R E A D  ---------------

Current thread (0x00000243bb9bad00):  JavaThread "C2 CompilerThread0" daemon [_thread_in_native, id=29260, stack(0x0000008118800000,0x0000008118900000) (1024K)]


Current CompileTask:
C2:861  646       4       lombok.patcher.scripts.MethodLevelPatchScript::patch (21 bytes)

Stack: [0x0000008118800000,0x0000008118900000]
Native frames: (J=compiled Java code, j=interpreted, Vv=VM code, C=native code)
V  [jvm.dll+0x6d6e29]
V  [jvm.dll+0x8b4b76]
V  [jvm.dll+0x8b712e]
V  [jvm.dll+0x8b7813]
V  [jvm.dll+0x283d86]
V  [jvm.dll+0xc66ed]
V  [jvm.dll+0xc6c31]
V  [jvm.dll+0x2facee]
V  [jvm.dll+0x5fde44]
V  [jvm.dll+0x255557]
V  [jvm.dll+0x25591d]
V  [jvm.dll+0x24df40]
V  [jvm.dll+0x24b482]
V  [jvm.dll+0x1cb13e]
V  [jvm.dll+0x25b29d]
V  [jvm.dll+0x25982a]
V  [jvm.dll+0x3f7ea6]
V  [jvm.dll+0x85e9ad]
V  [jvm.dll+0x6d565d]
C  [ucrtbase.dll+0x21bb2]
C  [KERNEL32.DLL+0x17374]
C  [ntdll.dll+0x4cc91]


---------------  P R O C E S S  ---------------

Threads class SMR info:
_java_thread_list=0x00000243fecf0b90, length=12, elements={
0x00000243a2b33d80, 0x00000243bb9ada30, 0x00000243bb9af290, 0x00000243bb9b29a0,
0x00000243bb9b3a10, 0x00000243bb9b5470, 0x00000243bb9b5ec0, 0x00000243bb9bad00,
0x00000243fe9a8100, 0x00000243febbce60, 0x00000243feceff70, 0x00000243fecfdff0
}

Java Threads: ( => current thread )
  0x00000243a2b33d80 JavaThread "main"                              [_thread_in_vm, id=27948, stack(0x0000008117e00000,0x0000008117f00000) (1024K)]
  0x00000243bb9ada30 JavaThread "Reference Handler"          daemon [_thread_blocked, id=18832, stack(0x0000008118200000,0x0000008118300000) (1024K)]
  0x00000243bb9af290 JavaThread "Finalizer"                  daemon [_thread_blocked, id=14948, stack(0x0000008118300000,0x0000008118400000) (1024K)]
  0x00000243bb9b29a0 JavaThread "Signal Dispatcher"          daemon [_thread_blocked, id=27096, stack(0x0000008118400000,0x0000008118500000) (1024K)]
  0x00000243bb9b3a10 JavaThread "Attach Listener"            daemon [_thread_blocked, id=16268, stack(0x0000008118500000,0x0000008118600000) (1024K)]
  0x00000243bb9b5470 JavaThread "Service Thread"             daemon [_thread_blocked, id=8136, stack(0x0000008118600000,0x0000008118700000) (1024K)]
  0x00000243bb9b5ec0 JavaThread "Monitor Deflation Thread"   daemon [_thread_blocked, id=20044, stack(0x0000008118700000,0x0000008118800000) (1024K)]
=>0x00000243bb9bad00 JavaThread "C2 CompilerThread0"         daemon [_thread_in_native, id=29260, stack(0x0000008118800000,0x0000008118900000) (1024K)]
  0x00000243fe9a8100 JavaThread "C1 CompilerThread0"         daemon [_thread_blocked, id=16056, stack(0x0000008118900000,0x0000008118a00000) (1024K)]
  0x00000243febbce60 JavaThread "Common-Cleaner"             daemon [_thread_blocked, id=15320, stack(0x0000008118a00000,0x0000008118b00000) (1024K)]
  0x00000243feceff70 JavaThread "Notification Thread"        daemon [_thread_blocked, id=21288, stack(0x0000008118b00000,0x0000008118c00000) (1024K)]
  0x00000243fecfdff0 JavaThread "C2 CompilerThread1"         daemon [_thread_in_native, id=2676, stack(0x0000008118c00000,0x0000008118d00000) (1024K)]
Total: 12

Other Threads:
  0x00000243a4fc0980 VMThread "VM Thread"                           [id=15640, stack(0x0000008118100000,0x0000008118200000) (1024K)]
  0x00000243a4f6c2b0 WatcherThread "VM Periodic Task Thread"        [id=16312, stack(0x0000008118000000,0x0000008118100000) (1024K)]
  0x00000243a4f1f580 WorkerThread "GC Thread#0"                     [id=28492, stack(0x0000008117f00000,0x0000008118000000) (1024K)]
Total: 3

Threads with active compile tasks:
C2 CompilerThread0  885  646       4       lombok.patcher.scripts.MethodLevelPatchScript::patch (21 bytes)
C2 CompilerThread1  886  675       4       lombok.patcher.PatchScript::classMatches (41 bytes)
Total: 2

VM state: not at safepoint (normal execution)

VM Mutex/Monitor currently owned by a thread: None

Heap address: 0x0000000080000000, size: 2048 MB, Compressed Oops mode: 32-bit

CDS archive(s) mapped at: [0x00000243bc000000-0x00000243bcba0000-0x00000243bcba0000), size 12189696, SharedBaseAddress: 0x00000243bc000000, ArchiveRelocationMode: 1.
Compressed class space mapped at: 0x00000243bd000000-0x00000243fd000000, reserved size: 1073741824
Narrow klass base: 0x00000243bc000000, Narrow klass shift: 0, Narrow klass range: 0x100000000

GC Precious Log:
 CardTable entry size: 512
 CPUs: 12 total, 12 available
 Memory: 16016M
 Large Page Support: Disabled
 NUMA Support: Disabled
 Compressed Oops: Enabled (32-bit)
 Alignments: Space 512K, Generation 512K, Heap 2M
 Heap Min Capacity: 100M
 Heap Initial Capacity: 100M
 Heap Max Capacity: 2G
 Pre-touch: Disabled
 Parallel Workers: 10

Heap:
 PSYoungGen      total 29696K, used 13857K [0x00000000d5580000, 0x00000000d7680000, 0x0000000100000000)
  eden space 25600K, 54% used [0x00000000d5580000,0x00000000d6308760,0x00000000d6e80000)
  from space 4096K, 0% used [0x00000000d7280000,0x00000000d7280000,0x00000000d7680000)
  to   space 4096K, 0% used [0x00000000d6e80000,0x00000000d6e80000,0x00000000d7280000)
 ParOldGen       total 68608K, used 0K [0x0000000080000000, 0x0000000084300000, 0x00000000d5580000)
  object space 68608K, 0% used [0x0000000080000000,0x0000000080000000,0x0000000084300000)
 Metaspace       used 2582K, committed 2816K, reserved 1114112K
  class space    used 266K, committed 384K, reserved 1048576K

Card table byte_map: [0x00000243a48b0000,0x00000243a4cc0000] _byte_map_base: 0x00000243a44b0000

Marking Bits: (ParMarkBitMap*) 0x00007ffd9a482460
 Begin Bits: [0x00000243b73c0000, 0x00000243b93c0000)
 End Bits:   [0x00000243b93c0000, 0x00000243bb3c0000)

Polling page: 0x00000243a2dd0000

Metaspace:

Usage:
  Non-class:      2.26 MB used.
      Class:    266.34 KB used.
       Both:      2.52 MB used.

Virtual space:
  Non-class space:       64.00 MB reserved,       2.38 MB (  4%) committed,  1 nodes.
      Class space:        1.00 GB reserved,     384.00 KB ( <1%) committed,  1 nodes.
             Both:        1.06 GB reserved,       2.75 MB ( <1%) committed. 

Chunk freelists:
   Non-Class:  11.65 MB
       Class:  15.67 MB
        Both:  27.32 MB

MaxMetaspaceSize: unlimited
CompressedClassSpaceSize: 1.00 GB
Initial GC threshold: 21.00 MB
Current GC threshold: 21.00 MB
CDS: on
 - commit_granule_bytes: 65536.
 - commit_granule_words: 8192.
 - virtual_space_node_default_size: 8388608.
 - enlarge_chunks_in_place: 1.
 - use_allocation_guard: 0.


Internal statistics:

num_allocs_failed_limit: 0.
num_arena_births: 80.
num_arena_deaths: 0.
num_vsnodes_births: 2.
num_vsnodes_deaths: 0.
num_space_committed: 44.
num_space_uncommitted: 0.
num_chunks_returned_to_freelist: 0.
num_chunks_taken_from_freelist: 102.
num_chunk_merges: 0.
num_chunk_splits: 72.
num_chunks_enlarged: 46.
num_inconsistent_stats: 0.

CodeHeap 'non-profiled nmethods': size=120000Kb used=254Kb max_used=254Kb free=119745Kb
 bounds [0x00000243afbe0000, 0x00000243afe50000, 0x00000243b7110000]
CodeHeap 'profiled nmethods': size=120000Kb used=997Kb max_used=997Kb free=119002Kb
 bounds [0x00000243a8110000, 0x00000243a8380000, 0x00000243af640000]
CodeHeap 'non-nmethods': size=5760Kb used=1182Kb max_used=1195Kb free=4578Kb
 bounds [0x00000243af640000, 0x00000243af8b0000, 0x00000243afbe0000]
CodeCache: size=245760Kb, used=2433Kb, max_used=2446Kb, free=243325Kb
 total_blobs=1119, nmethods=682, adapters=344, full_count=0
Compilation: enabled, stopped_count=0, restarted_count=0

Compilation events (20 events):
Event: 0.845 Thread 0x00000243fe9a8100  668       3       lombok.eclipse.agent.EclipsePatcher$1::shouldTransform (107 bytes)
Event: 0.846 Thread 0x00000243fe9a8100 nmethod 668 0x00000243a8200910 code [0x00000243a8200c20, 0x00000243a8201a98]
Event: 0.849 Thread 0x00000243fecfdff0 nmethod 662 0x00000243afc1d190 code [0x00000243afc1d360, 0x00000243afc1d748]
Event: 0.849 Thread 0x00000243fecfdff0  666       4       java.lang.String::substring (58 bytes)
Event: 0.849 Thread 0x00000243fe9a8100  669       3       java.util.regex.Pattern::isSupplementary (21 bytes)
Event: 0.849 Thread 0x00000243fe9a8100 nmethod 669 0x00000243a8201f90 code [0x00000243a8202140, 0x00000243a8202398]
Event: 0.849 Thread 0x00000243fe9a8100  670       3       java.lang.Character::isSurrogate (18 bytes)
Event: 0.850 Thread 0x00000243fe9a8100 nmethod 670 0x00000243a8202490 code [0x00000243a8202620, 0x00000243a8202798]
Event: 0.850 Thread 0x00000243fe9a8100  671       3       java.lang.invoke.MemberName::getMethodOrFieldType (72 bytes)
Event: 0.851 Thread 0x00000243fe9a8100 nmethod 671 0x00000243a8202810 code [0x00000243a8202b60, 0x00000243a8203910]
Event: 0.851 Thread 0x00000243fe9a8100  672       3       java.util.Arrays::equals (57 bytes)
Event: 0.851 Thread 0x00000243fe9a8100 nmethod 672 0x00000243a8203e10 code [0x00000243a8204000, 0x00000243a8204570]
Event: 0.851 Thread 0x00000243fe9a8100  673       3       java.util.regex.Pattern::peek (26 bytes)
Event: 0.851 Thread 0x00000243fe9a8100 nmethod 673 0x00000243a8204710 code [0x00000243a82048c0, 0x00000243a8204b18]
Event: 0.852 Thread 0x00000243fe9a8100  674       3       java.lang.invoke.LambdaForm$NamedFunction::returnType (11 bytes)
Event: 0.853 Thread 0x00000243fe9a8100 nmethod 674 0x00000243a8204c10 code [0x00000243a8204e20, 0x00000243a8205338]
Event: 0.855 Thread 0x00000243fecfdff0 nmethod 666 0x00000243afc1dc90 code [0x00000243afc1de60, 0x00000243afc1e4a0]
Event: 0.856 Thread 0x00000243fecfdff0  667       4       java.lang.StringLatin1::newString (24 bytes)
Event: 0.859 Thread 0x00000243fe9a8100  677       3       sun.security.util.DerInputStream::available (10 bytes)
Event: 0.859 Thread 0x00000243fe9a8100 nmethod 677 0x00000243a8205590 code [0x00000243a8205720, 0x00000243a8205830]

GC Heap History (0 events):
No events

Dll operation events (8 events):
Event: 0.014 Loaded shared library c:\Users\Administrateur\.vscode\extensions\redhat.java-1.50.0-win32-x64\jre\21.0.9-win32-x86_64\bin\java.dll
Event: 0.153 Loaded shared library c:\Users\Administrateur\.vscode\extensions\redhat.java-1.50.0-win32-x64\jre\21.0.9-win32-x86_64\bin\zip.dll
Event: 0.186 Loaded shared library C:\Users\Administrateur\.vscode\extensions\redhat.java-1.50.0-win32-x64\jre\21.0.9-win32-x86_64\bin\instrument.dll
Event: 0.193 Loaded shared library C:\Users\Administrateur\.vscode\extensions\redhat.java-1.50.0-win32-x64\jre\21.0.9-win32-x86_64\bin\net.dll
Event: 0.197 Loaded shared library C:\Users\Administrateur\.vscode\extensions\redhat.java-1.50.0-win32-x64\jre\21.0.9-win32-x86_64\bin\nio.dll
Event: 0.208 Loaded shared library C:\Users\Administrateur\.vscode\extensions\redhat.java-1.50.0-win32-x64\jre\21.0.9-win32-x86_64\bin\zip.dll
Event: 0.237 Loaded shared library C:\Users\Administrateur\.vscode\extensions\redhat.java-1.50.0-win32-x64\jre\21.0.9-win32-x86_64\bin\jimage.dll
Event: 0.392 Loaded shared library c:\Users\Administrateur\.vscode\extensions\redhat.java-1.50.0-win32-x64\jre\21.0.9-win32-x86_64\bin\verify.dll

Deoptimization events (20 events):
Event: 0.633 Thread 0x00000243a2b33d80 Uncommon trap: trap_request=0xffffffde fr.pc=0x00000243afbef5a0 relative=0x0000000000000780
Event: 0.633 Thread 0x00000243a2b33d80 Uncommon trap: reason=class_check action=maybe_recompile pc=0x00000243afbef5a0 method=java.util.HashMap.putVal(ILjava/lang/Object;Ljava/lang/Object;ZZ)Ljava/lang/Object; @ 152 c2
Event: 0.633 Thread 0x00000243a2b33d80 DEOPT PACKING pc=0x00000243afbef5a0 sp=0x0000008117efed50
Event: 0.633 Thread 0x00000243a2b33d80 DEOPT UNPACKING pc=0x00000243af693aa2 sp=0x0000008117efecb0 mode 2
Event: 0.635 Thread 0x00000243a2b33d80 DEOPT PACKING pc=0x00000243a8157358 sp=0x0000008117efc700
Event: 0.635 Thread 0x00000243a2b33d80 DEOPT UNPACKING pc=0x00000243af694242 sp=0x0000008117efbbc0 mode 0
Event: 0.638 Thread 0x00000243a2b33d80 DEOPT PACKING pc=0x00000243a8157358 sp=0x0000008117efc860
Event: 0.638 Thread 0x00000243a2b33d80 DEOPT UNPACKING pc=0x00000243af694242 sp=0x0000008117efbd20 mode 0
Event: 0.648 Thread 0x00000243a2b33d80 DEOPT PACKING pc=0x00000243a8157358 sp=0x0000008117efb250
Event: 0.648 Thread 0x00000243a2b33d80 DEOPT UNPACKING pc=0x00000243af694242 sp=0x0000008117efa710 mode 0
Event: 0.650 Thread 0x00000243a2b33d80 DEOPT PACKING pc=0x00000243a8157358 sp=0x0000008117efa9a0
Event: 0.650 Thread 0x00000243a2b33d80 DEOPT UNPACKING pc=0x00000243af694242 sp=0x0000008117ef9e60 mode 0
Event: 0.762 Thread 0x00000243a2b33d80 Uncommon trap: trap_request=0xffffff45 fr.pc=0x00000243afc0f06c relative=0x000000000000014c
Event: 0.762 Thread 0x00000243a2b33d80 Uncommon trap: reason=unstable_if action=reinterpret pc=0x00000243afc0f06c method=jdk.internal.util.ArraysSupport.vectorizedHashCode(Ljava/lang/Object;IIII)I @ 2 c2
Event: 0.762 Thread 0x00000243a2b33d80 DEOPT PACKING pc=0x00000243afc0f06c sp=0x0000008117efcd20
Event: 0.762 Thread 0x00000243a2b33d80 DEOPT UNPACKING pc=0x00000243af693aa2 sp=0x0000008117efccd0 mode 2
Event: 0.784 Thread 0x00000243a2b33d80 Uncommon trap: trap_request=0xffffff45 fr.pc=0x00000243afc02074 relative=0x00000000000000d4
Event: 0.784 Thread 0x00000243a2b33d80 Uncommon trap: reason=unstable_if action=reinterpret pc=0x00000243afc02074 method=java.net.URI.match(CJJ)Z @ 45 c2
Event: 0.784 Thread 0x00000243a2b33d80 DEOPT PACKING pc=0x00000243afc02074 sp=0x0000008117efcea0
Event: 0.784 Thread 0x00000243a2b33d80 DEOPT UNPACKING pc=0x00000243af693aa2 sp=0x0000008117efce08 mode 2

Classes loaded (20 events):
Event: 0.849 Loading class sun/security/util/DisabledAlgorithmConstraints$Constraints$Holder
Event: 0.849 Loading class sun/security/util/DisabledAlgorithmConstraints$Constraints$Holder done
Event: 0.850 Loading class java/util/regex/Pattern$BnM
Event: 0.850 Loading class java/util/regex/Pattern$BnM done
Event: 0.851 Loading class java/util/regex/Pattern$SliceS
Event: 0.851 Loading class java/util/regex/Pattern$SliceS done
Event: 0.851 Loading class sun/security/util/DisabledAlgorithmConstraints$DenyAfterConstraint
Event: 0.851 Loading class sun/security/util/DisabledAlgorithmConstraints$DenyAfterConstraint done
Event: 0.854 Loading class java/time/ZonedDateTime
Event: 0.854 Loading class java/time/chrono/ChronoZonedDateTime
Event: 0.854 Loading class java/time/chrono/ChronoZonedDateTime done
Event: 0.854 Loading class java/time/ZonedDateTime done
Event: 0.857 Loading class java/time/zone/ZoneOffsetTransition
Event: 0.858 Loading class java/time/zone/ZoneOffsetTransition done
Event: 0.858 Loading class java/util/Collections$SingletonList
Event: 0.858 Loading class java/util/Collections$SingletonList done
Event: 0.859 Loading class sun/security/pkcs/PKCS9Attributes
Event: 0.859 Loading class sun/security/pkcs/PKCS9Attributes done
Event: 0.859 Loading class sun/security/pkcs/PKCS9Attribute
Event: 0.860 Loading class sun/security/pkcs/PKCS9Attribute done

Classes unloaded (0 events):
No events

Classes redefined (0 events):
No events

Internal exceptions (12 events):
Event: 0.146 Thread 0x00000243a2b33d80 Exception <a 'java/lang/NoSuchMethodError'{0x00000000d57a91c8}: 'void java.lang.invoke.DirectMethodHandle$Holder.invokeStatic(java.lang.Object, java.lang.Object, java.lang.Object)'> (0x00000000d57a91c8) 
thrown [s\src\hotspot\share\interpreter\linkResolver.cpp, line 773]
Event: 0.228 Thread 0x00000243a2b33d80 Exception <a 'java/lang/NoSuchMethodError'{0x00000000d5911db0}: 'java.lang.Object java.lang.invoke.Invokers$Holder.invokeExact_MT(java.lang.Object, java.lang.Object, java.lang.Object, java.lang.Object, java.lang.Object)'> (0x00000000d5911db0) 
thrown [s\src\hotspot\share\interpreter\linkResolver.cpp, line 773]
Event: 0.304 Thread 0x00000243a2b33d80 Exception <a 'java/lang/NoSuchMethodError'{0x00000000d59ca660}: 'int java.lang.invoke.DirectMethodHandle$Holder.invokeSpecial(java.lang.Object, java.lang.Object, java.lang.Object, int)'> (0x00000000d59ca660) 
thrown [s\src\hotspot\share\interpreter\linkResolver.cpp, line 773]
Event: 0.308 Thread 0x00000243a2b33d80 Exception <a 'java/lang/NoSuchMethodError'{0x00000000d59dd048}: 'java.lang.Object java.lang.invoke.DirectMethodHandle$Holder.invokeStatic(java.lang.Object, java.lang.Object, java.lang.Object, java.lang.Object, int)'> (0x00000000d59dd048) 
thrown [s\src\hotspot\share\interpreter\linkResolver.cpp, line 773]
Event: 0.311 Thread 0x00000243a2b33d80 Exception <a 'java/lang/NoSuchMethodError'{0x00000000d59e84f0}: 'void java.lang.invoke.DelegatingMethodHandle$Holder.reinvoke_L(java.lang.Object, java.lang.Object, java.lang.Object, int, java.lang.Object)'> (0x00000000d59e84f0) 
thrown [s\src\hotspot\share\interpreter\linkResolver.cpp, line 773]
Event: 0.316 Thread 0x00000243a2b33d80 Exception <a 'java/lang/NoSuchMethodError'{0x00000000d59f8e40}: 'int java.lang.invoke.DirectMethodHandle$Holder.invokeSpecial(java.lang.Object, java.lang.Object, java.lang.Object)'> (0x00000000d59f8e40) 
thrown [s\src\hotspot\share\interpreter\linkResolver.cpp, line 773]
Event: 0.320 Thread 0x00000243a2b33d80 Exception <a 'java/lang/NoSuchMethodError'{0x00000000d5a04b00}: 'java.lang.Object java.lang.invoke.DirectMethodHandle$Holder.invokeStatic(java.lang.Object, java.lang.Object, int)'> (0x00000000d5a04b00) 
thrown [s\src\hotspot\share\interpreter\linkResolver.cpp, line 773]
Event: 0.323 Thread 0x00000243a2b33d80 Exception <a 'java/lang/NoSuchMethodError'{0x00000000d5a09450}: 'void java.lang.invoke.DirectMethodHandle$Holder.invokeStatic(java.lang.Object, java.lang.Object, int, java.lang.Object)'> (0x00000000d5a09450) 
thrown [s\src\hotspot\share\interpreter\linkResolver.cpp, line 773]
Event: 0.324 Thread 0x00000243a2b33d80 Exception <a 'java/lang/NoSuchMethodError'{0x00000000d5a0cfe0}: 'void java.lang.invoke.DirectMethodHandle$Holder.invokeSpecial(java.lang.Object, java.lang.Object, java.lang.Object, int, java.lang.Object)'> (0x00000000d5a0cfe0) 
thrown [s\src\hotspot\share\interpreter\linkResolver.cpp, line 773]
Event: 0.324 Thread 0x00000243a2b33d80 Exception <a 'java/lang/NoSuchMethodError'{0x00000000d5a10450}: 'void java.lang.invoke.DelegatingMethodHandle$Holder.delegate(java.lang.Object, java.lang.Object, int, java.lang.Object)'> (0x00000000d5a10450) 
thrown [s\src\hotspot\share\interpreter\linkResolver.cpp, line 773]
Event: 0.460 Thread 0x00000243a2b33d80 Exception <a 'java/lang/NoSuchMethodError'{0x00000000d5bd06b8}: 'void java.lang.invoke.DelegatingMethodHandle$Holder.reinvoke_L(java.lang.Object, java.lang.Object, java.lang.Object, int)'> (0x00000000d5bd06b8) 
thrown [s\src\hotspot\share\interpreter\linkResolver.cpp, line 773]
Event: 0.746 Thread 0x00000243a2b33d80 Exception <a 'java/lang/NoSuchMethodError'{0x00000000d605d0e0}: 'void java.lang.invoke.DirectMethodHandle$Holder.invokeVirtual(java.lang.Object, java.lang.Object)'> (0x00000000d605d0e0) 
thrown [s\src\hotspot\share\interpreter\linkResolver.cpp, line 773]

ZGC Phase Switch (0 events):
No events

VM Operations (4 events):
Event: 0.151 Executing VM operation: HandshakeAllThreads (Deoptimize)
Event: 0.151 Executing VM operation: HandshakeAllThreads (Deoptimize) done
Event: 0.260 Executing VM operation: HandshakeAllThreads (Deoptimize)
Event: 0.260 Executing VM operation: HandshakeAllThreads (Deoptimize) done

Memory protections (0 events):
No events

Nmethod flushes (0 events):
No events

Events (12 events):
Event: 0.059 Thread 0x00000243a2b33d80 Thread added: 0x00000243a2b33d80
Event: 0.088 Thread 0x00000243a2b33d80 Thread added: 0x00000243bb9ada30
Event: 0.089 Thread 0x00000243a2b33d80 Thread added: 0x00000243bb9af290
Event: 0.089 Thread 0x00000243a2b33d80 Thread added: 0x00000243bb9b29a0
Event: 0.089 Thread 0x00000243a2b33d80 Thread added: 0x00000243bb9b3a10
Event: 0.089 Thread 0x00000243a2b33d80 Thread added: 0x00000243bb9b5470
Event: 0.089 Thread 0x00000243a2b33d80 Thread added: 0x00000243bb9b5ec0
Event: 0.089 Thread 0x00000243a2b33d80 Thread added: 0x00000243bb9bad00
Event: 0.090 Thread 0x00000243a2b33d80 Thread added: 0x00000243fe9a8100
Event: 0.189 Thread 0x00000243a2b33d80 Thread added: 0x00000243febbce60
Event: 0.628 Thread 0x00000243a2b33d80 Thread added: 0x00000243feceff70
Event: 0.631 Thread 0x00000243fe9a8100 Thread added: 0x00000243fecfdff0


Dynamic libraries:
0x00007ff6c5f10000 - 0x00007ff6c5f1e000 	c:\Users\Administrateur\.vscode\extensions\redhat.java-1.50.0-win32-x64\jre\21.0.9-win32-x86_64\bin\java.exe
0x00007ffe3e110000 - 0x00007ffe3e308000 	C:\Windows\SYSTEM32\ntdll.dll
0x00007ffe3d270000 - 0x00007ffe3d332000 	C:\Windows\System32\KERNEL32.DLL
0x00007ffe3ba00000 - 0x00007ffe3bcf7000 	C:\Windows\System32\KERNELBASE.dll
0x00007ffe3b900000 - 0x00007ffe3ba00000 	C:\Windows\System32\ucrtbase.dll
0x00007ffe0e3a0000 - 0x00007ffe0e3b8000 	c:\Users\Administrateur\.vscode\extensions\redhat.java-1.50.0-win32-x64\jre\21.0.9-win32-x86_64\bin\jli.dll
0x00007ffe0e380000 - 0x00007ffe0e39e000 	c:\Users\Administrateur\.vscode\extensions\redhat.java-1.50.0-win32-x64\jre\21.0.9-win32-x86_64\bin\VCRUNTIME140.dll
0x00007ffe3d5c0000 - 0x00007ffe3d75d000 	C:\Windows\System32\USER32.dll
0x00007ffe3bd00000 - 0x00007ffe3bd22000 	C:\Windows\System32\win32u.dll
0x00007ffe3d430000 - 0x00007ffe3d45b000 	C:\Windows\System32\GDI32.dll
0x00007ffe3bd30000 - 0x00007ffe3be49000 	C:\Windows\System32\gdi32full.dll
0x00007ffe1f290000 - 0x00007ffe1f52a000 	C:\Windows\WinSxS\amd64_microsoft.windows.common-controls_6595b64144ccf1df_6.0.19041.5915_none_60b4b9d171f9c7c7\COMCTL32.dll
0x00007ffe3c090000 - 0x00007ffe3c12d000 	C:\Windows\System32\msvcp_win.dll
0x00007ffe3d0b0000 - 0x00007ffe3d14e000 	C:\Windows\System32\msvcrt.dll
0x00007ffe3d590000 - 0x00007ffe3d5bf000 	C:\Windows\System32\IMM32.DLL
0x00007ffe1c110000 - 0x00007ffe1c11c000 	c:\Users\Administrateur\.vscode\extensions\redhat.java-1.50.0-win32-x64\jre\21.0.9-win32-x86_64\bin\vcruntime140_1.dll
0x00007ffe0e130000 - 0x00007ffe0e1bd000 	c:\Users\Administrateur\.vscode\extensions\redhat.java-1.50.0-win32-x64\jre\21.0.9-win32-x86_64\bin\msvcp140.dll
0x00007ffd997c0000 - 0x00007ffd9a560000 	c:\Users\Administrateur\.vscode\extensions\redhat.java-1.50.0-win32-x64\jre\21.0.9-win32-x86_64\bin\server\jvm.dll
0x00007ffe3e010000 - 0x00007ffe3e0c1000 	C:\Windows\System32\ADVAPI32.dll
0x00007ffe3ce60000 - 0x00007ffe3ceff000 	C:\Windows\System32\sechost.dll
0x00007ffe3d760000 - 0x00007ffe3d886000 	C:\Windows\System32\RPCRT4.dll
0x00007ffe3c010000 - 0x00007ffe3c037000 	C:\Windows\System32\bcrypt.dll
0x00007ffe3d150000 - 0x00007ffe3d1bb000 	C:\Windows\System32\WS2_32.dll
0x00007ffe3acf0000 - 0x00007ffe3ad3b000 	C:\Windows\SYSTEM32\POWRPROF.dll
0x00007ffe385b0000 - 0x00007ffe385d7000 	C:\Windows\SYSTEM32\WINMM.dll
0x00007ffe331a0000 - 0x00007ffe331aa000 	C:\Windows\SYSTEM32\VERSION.dll
0x00007ffe3ab60000 - 0x00007ffe3ab72000 	C:\Windows\SYSTEM32\UMPDC.dll
0x00007ffe39f80000 - 0x00007ffe39f92000 	C:\Windows\SYSTEM32\kernel.appcore.dll
0x00007ffe0e120000 - 0x00007ffe0e12a000 	c:\Users\Administrateur\.vscode\extensions\redhat.java-1.50.0-win32-x64\jre\21.0.9-win32-x86_64\bin\jimage.dll
0x00007ffe39410000 - 0x00007ffe39611000 	C:\Windows\SYSTEM32\DBGHELP.DLL
0x00007ffe0e5c0000 - 0x00007ffe0e5f4000 	C:\Windows\SYSTEM32\dbgcore.DLL
0x00007ffe3bed0000 - 0x00007ffe3bf52000 	C:\Windows\System32\bcryptPrimitives.dll
0x00007ffe0e110000 - 0x00007ffe0e11f000 	c:\Users\Administrateur\.vscode\extensions\redhat.java-1.50.0-win32-x64\jre\21.0.9-win32-x86_64\bin\instrument.dll
0x00007ffe0e0f0000 - 0x00007ffe0e110000 	c:\Users\Administrateur\.vscode\extensions\redhat.java-1.50.0-win32-x64\jre\21.0.9-win32-x86_64\bin\java.dll
0x00007ffe3d890000 - 0x00007ffe3dffe000 	C:\Windows\System32\SHELL32.dll
0x00007ffe397c0000 - 0x00007ffe39f64000 	C:\Windows\SYSTEM32\windows.storage.dll
0x00007ffe3c4c0000 - 0x00007ffe3c813000 	C:\Windows\System32\combase.dll
0x00007ffe3b0f0000 - 0x00007ffe3b11b000 	C:\Windows\SYSTEM32\Wldp.dll
0x00007ffe3d460000 - 0x00007ffe3d52d000 	C:\Windows\System32\OLEAUT32.dll
0x00007ffe3cc90000 - 0x00007ffe3cd3d000 	C:\Windows\System32\SHCORE.dll
0x00007ffe3c160000 - 0x00007ffe3c1bb000 	C:\Windows\System32\shlwapi.dll
0x00007ffe3b6d0000 - 0x00007ffe3b6f4000 	C:\Windows\SYSTEM32\profapi.dll
0x00007ffe0e0d0000 - 0x00007ffe0e0e8000 	c:\Users\Administrateur\.vscode\extensions\redhat.java-1.50.0-win32-x64\jre\21.0.9-win32-x86_64\bin\zip.dll
0x00007ffe0dfa0000 - 0x00007ffe0dfb0000 	C:\Users\Administrateur\.vscode\extensions\redhat.java-1.50.0-win32-x64\jre\21.0.9-win32-x86_64\bin\net.dll
0x00007ffe381f0000 - 0x00007ffe382fa000 	C:\Windows\SYSTEM32\WINHTTP.dll
0x00007ffe3aed0000 - 0x00007ffe3af3a000 	C:\Windows\system32\mswsock.dll
0x00007ffe0e0b0000 - 0x00007ffe0e0c6000 	C:\Users\Administrateur\.vscode\extensions\redhat.java-1.50.0-win32-x64\jre\21.0.9-win32-x86_64\bin\nio.dll
0x00007ffe0e0a0000 - 0x00007ffe0e0b0000 	c:\Users\Administrateur\.vscode\extensions\redhat.java-1.50.0-win32-x64\jre\21.0.9-win32-x86_64\bin\verify.dll

JVMTI agents:
c:\Users\Administrateur\.vscode\extensions\redhat.java-1.50.0-win32-x64\lombok\lombok-1.18.39-4050.jar path:c:\Users\Administrateur\.vscode\extensions\redhat.java-1.50.0-win32-x64\jre\21.0.9-win32-x86_64\bin\instrument.dll, loaded, initialized, instrumentlib options:none

dbghelp: loaded successfully - version: 4.0.5 - missing functions: none
symbol engine: initialized successfully - sym options: 0x614 - pdb path: .;c:\Users\Administrateur\.vscode\extensions\redhat.java-1.50.0-win32-x64\jre\21.0.9-win32-x86_64\bin;C:\Windows\SYSTEM32;C:\Windows\WinSxS\amd64_microsoft.windows.common-controls_6595b64144ccf1df_6.0.19041.5915_none_60b4b9d171f9c7c7;c:\Users\Administrateur\.vscode\extensions\redhat.java-1.50.0-win32-x64\jre\21.0.9-win32-x86_64\bin\server

VM Arguments:
jvm_args: --add-modules=ALL-SYSTEM --add-opens=java.base/java.util=ALL-UNNAMED --add-opens=java.base/java.lang=ALL-UNNAMED --add-opens=java.base/sun.nio.fs=ALL-UNNAMED -Declipse.application=org.eclipse.jdt.ls.core.id1 -Dosgi.bundles.defaultStartLevel=4 -Declipse.product=org.eclipse.jdt.ls.core.product -Djava.import.generatesMetadataFilesAtProjectRoot=false -DDetectVMInstallationsJob.disabled=true -Dfile.encoding=utf8 -XX:+UseParallelGC -XX:GCTimeRatio=4 -XX:AdaptiveSizePolicyWeight=90 -Dsun.zip.disableMemoryMapping=true -Xmx2G -Xms100m -Xlog:disable -javaagent:c:\Users\Administrateur\.vscode\extensions\redhat.java-1.50.0-win32-x64\lombok\lombok-1.18.39-4050.jar 
java_command: c:\Users\Administrateur\.vscode\extensions\redhat.java-1.50.0-win32-x64\server\plugins\org.eclipse.equinox.launcher_1.7.100.v20251111-0406.jar -configuration c:\Users\Administrateur\AppData\Roaming\Code\User\globalStorage\redhat.java\1.50.0\config_ss_win -data c:\Users\Administrateur\AppData\Roaming\Code\User\workspaceStorage\4673bdc2dac721a47baaf439dc587f97\redhat.java\ss_ws --pipe=\\.\pipe\lsp-729ed562f8c28aee6ccd805887c3561d-sock
java_class_path (initial): c:\Users\Administrateur\.vscode\extensions\redhat.java-1.50.0-win32-x64\server\plugins\org.eclipse.equinox.launcher_1.7.100.v20251111-0406.jar
Launcher Type: SUN_STANDARD

[Global flags]
    uintx AdaptiveSizePolicyWeight                 = 90                                        {product} {command line}
     intx CICompilerCount                          = 4                                         {product} {ergonomic}
    uintx GCTimeRatio                              = 4                                         {product} {command line}
   size_t InitialHeapSize                          = 104857600                                 {product} {command line}
   size_t MaxHeapSize                              = 2147483648                                {product} {command line}
   size_t MaxNewSize                               = 715653120                                 {product} {ergonomic}
   size_t MinHeapDeltaBytes                        = 524288                                    {product} {ergonomic}
   size_t MinHeapSize                              = 104857600                                 {product} {command line}
   size_t NewSize                                  = 34603008                                  {product} {ergonomic}
    uintx NonNMethodCodeHeapSize                   = 5839372                                {pd product} {ergonomic}
    uintx NonProfiledCodeHeapSize                  = 122909434                              {pd product} {ergonomic}
   size_t OldSize                                  = 70254592                                  {product} {ergonomic}
    uintx ProfiledCodeHeapSize                     = 122909434                              {pd product} {ergonomic}
    uintx ReservedCodeCacheSize                    = 251658240                              {pd product} {ergonomic}
     bool SegmentedCodeCache                       = true                                      {product} {ergonomic}
   size_t SoftMaxHeapSize                          = 2147483648                             {manageable} {ergonomic}
     bool UseCompressedOops                        = true                           {product lp64_product} {ergonomic}
     bool UseLargePagesIndividualAllocation        = false                                  {pd product} {ergonomic}
     bool UseParallelGC                            = true                                      {product} {command line}

Logging:
Log output configuration:
 #0: stdout all=off uptime,level,tags foldmultilines=false
 #1: stderr all=off uptime,level,tags foldmultilines=false

Release file:
JAVA_VERSION="21.0.9" 
MODULES="java.base java.compiler java.datatransfer java.xml java.prefs java.desktop java.instrument java.logging java.management java.security.sasl java.naming java.rmi java.management.rmi java.net.http java.scripting java.security.jgss java.transaction.xa java.sql java.sql.rowset java.xml.crypto java.se java.smartcardio jdk.accessibility jdk.internal.jvmstat jdk.attach jdk.charsets jdk.internal.opt jdk.zipfs jdk.compiler jdk.crypto.ec jdk.crypto.cryptoki jdk.crypto.mscapi jdk.dynalink jdk.internal.ed jdk.editpad jdk.hotspot.agent jdk.httpserver jdk.internal.le jdk.internal.vm.ci jdk.internal.vm.compiler jdk.internal.vm.compiler.management jdk.jartool jdk.javadoc jdk.jcmd jdk.management jdk.management.agent jdk.jconsole jdk.jdeps jdk.jdwp.agent jdk.jdi jdk.jfr jdk.jshell jdk.jsobject jdk.jstatd jdk.localedata jdk.management.jfr jdk.naming.dns jdk.naming.rmi jdk.net jdk.nio.mapmode jdk.random jdk.sctp jdk.security.auth jdk.security.jgss jdk.unsupported jdk.unsupported.desktop jdk.xml.dom" 

Environment Variables:
PATH=C:\Program Files\Python312\Scripts\;C:\Program Files\Python312\;C:\Program Files\Common Files\Oracle\Java\javapath;C:\Windows\system32;C:\Windows;C:\Windows\System32\Wbem;C:\Windows\System32\WindowsPowerShell\v1.0\;C:\Windows\System32\OpenSSH\;C:\Program Files\PuTTY\;C:\Program Files\MATLAB\R2020a\bin;C:\Program Files\Microsoft VS Code\bin;C:\Program Files\Git\cmd;C:\Program Files\swipl\bin;C:\ProgramData\chocolatey\bin;C:\Program Files\nodejs\;C:\ProgramData\chocolatey\lib\maven\apache-maven-3.9.11\bin;C:\Program Files\Docker\Docker\resources\bin;C:\Users\Administrateur\AppData\Local\Microsoft\WindowsApps;C:\Windows\System32;;C:\Program Files\JetBrains\CLion 2024.2.2\bin;;C:\ProgramData\mingw64\mingw64\bin;C:\Users\Administrateur\AppData\Roaming\npm;C:\Users\Administrateur\AppData\Local\Programs\Windsurf\bin;C:\iverilog\bin;C:\iverilog\gtkwave\bin
USERNAME=Cytech
OS=Windows_NT
PROCESSOR_IDENTIFIER=Intel64 Family 6 Model 186 Stepping 3, GenuineIntel
TMP=C:\Users\ADMINI~1\AppData\Local\Temp
TEMP=C:\Users\ADMINI~1\AppData\Local\Temp




Periodic native trim disabled

---------------  S Y S T E M  ---------------

OS:
 Windows 10 , 64 bit Build 19041 (10.0.19041.5915)
OS uptime: 0 days 14:05 hours
Hyper-V role detected

CPU: total 12 (initial active 12) (6 cores per cpu, 2 threads per core) family 6 model 186 stepping 3 microcode 0x4128, cx8, cmov, fxsr, ht, mmx, 3dnowpref, sse, sse2, sse3, ssse3, sse4.1, sse4.2, popcnt, lzcnt, tsc, tscinvbit, avx, avx2, aes, erms, clmul, bmi1, bmi2, adx, sha, fma, vzeroupper, clflush, clflushopt, clwb, hv, rdtscp, rdpid, fsrm, f16c, cet_ibt, cet_ss
Processor Information for the first 12 processors :
  Max Mhz: 1300, Current Mhz: 1300, Mhz Limit: 1300

Memory: 4k page, system-wide physical 16016M (535M free)
TotalPageFile size 39936M (AvailPageFile size 0M)
current process WorkingSet (physical memory assigned to process): 57M, peak: 57M
current process commit charge ("private bytes"): 236M, peak: 236M

vm_info: OpenJDK 64-Bit Server VM (21.0.9+10-LTS) for windows-amd64 JRE (21.0.9+10-LTS), built on 2025-10-21T00:00:00Z by "admin" with unknown MS VC++:1942

END.
