#
# There is insufficient memory for the Java Runtime Environment to continue.
# Native memory allocation (mmap) failed to map 264241152 bytes for G1 virtual space
# Possible reasons:
#   The system is out of physical RAM or swap space
#   The process is running with CompressedOops enabled, and the Java Heap may be blocking the growth of the native heap
# Possible solutions:
#   Reduce memory load on the system
#   Increase physical memory or swap space
#   Check if swap backing store is full
#   Decrease Java heap size (-Xmx/-Xms)
#   Decrease number of Java threads
#   Decrease Java thread stack sizes (-Xss)
#   Set larger code cache with -XX:ReservedCodeCacheSize=
#   JVM is running with Zero Based Compressed Oops mode in which the Java heap is
#     placed in the first 32GB address space. The Java Heap base address is the
#     maximum limit for the native heap growth. Please use -XX:HeapBaseMinAddress
#     to set the Java Heap base and to place the Java Heap above 32GB virtual address.
# This output file may be truncated or incomplete.
#
#  Out of Memory Error (os_windows.cpp:3600), pid=16072, tid=25044
#
# JRE version:  (21.0.3+7) (build )
# Java VM: Java HotSpot(TM) 64-Bit Server VM (21.0.3+7-LTS-152, mixed mode, sharing, tiered, compressed oops, compressed class ptrs, g1 gc, windows-amd64)
# No core dump will be written. Minidumps are not enabled by default on client versions of Windows
#

---------------  S U M M A R Y ------------

Command Line: -Dapple.awt.UIElement=true com.garmin.monkeybrains.languageserver.LSLauncher

Host: 13th Gen Intel(R) Core(TM) i5-1335U, 12 cores, 15G,  Windows 10 , 64 bit Build 19041 (10.0.19041.5915)
Time: Wed Dec 10 10:30:11 2025 Romance Standard Time elapsed time: 0.026110 seconds (0d 0h 0m 0s)

---------------  T H R E A D  ---------------

Current thread (0x00000254d897dbc0):  JavaThread "Unknown thread" [_thread_in_vm, id=25044, stack(0x000000f3b3900000,0x000000f3b3a00000) (1024K)]

Stack: [0x000000f3b3900000,0x000000f3b3a00000]
Native frames: (J=compiled Java code, j=interpreted, Vv=VM code, C=native code)
V  [jvm.dll+0x6c63b9]
V  [jvm.dll+0x84fa11]
V  [jvm.dll+0x851f3e]
V  [jvm.dll+0x852613]
V  [jvm.dll+0x27cd46]
V  [jvm.dll+0x6c2b55]
V  [jvm.dll+0x6b76da]
V  [jvm.dll+0x35051a]
V  [jvm.dll+0x358176]
V  [jvm.dll+0x3aa84e]
V  [jvm.dll+0x3aaaf8]
V  [jvm.dll+0x32491c]
V  [jvm.dll+0x32547b]
V  [jvm.dll+0x818f69]
V  [jvm.dll+0x3b7771]
V  [jvm.dll+0x802358]
V  [jvm.dll+0x44c7ce]
V  [jvm.dll+0x44e2a1]
C  [jli.dll+0x52a3]
C  [ucrtbase.dll+0x21bb2]
C  [KERNEL32.DLL+0x17374]
C  [ntdll.dll+0x4cc91]


---------------  P R O C E S S  ---------------

Threads class SMR info:
_java_thread_list=0x00007ffd9b121b88, length=0, elements={
}

Java Threads: ( => current thread )
Total: 0

Other Threads:
  0x00000254d8aef810 WorkerThread "GC Thread#0"                     [id=5052, stack(0x000000f3b3a00000,0x000000f3b3b00000) (1024K)]
  0x00000254d8b01310 ConcurrentGCThread "G1 Main Marker"            [id=8468, stack(0x000000f3b3b00000,0x000000f3b3c00000) (1024K)]
  0x00000254d8b02cd0 WorkerThread "G1 Conc#0"                       [id=8536, stack(0x000000f3b3c00000,0x000000f3b3d00000) (1024K)]

[error occurred during error reporting (printing all threads), id 0xc0000005, EXCEPTION_ACCESS_VIOLATION (0xc0000005) at pc=0x00007ffd9a897077]
VM state: not at safepoint (not fully initialized)

VM Mutex/Monitor currently owned by a thread:  ([mutex/lock_event])
[0x00007ffd9b192ea8] Heap_lock - owner thread: 0x00000254d897dbc0

Heap address: 0x0000000705a00000, size: 4006 MB, Compressed Oops mode: Zero based, Oop shift amount: 3

CDS archive(s) mapped at: [0x0000000000000000-0x0000000000000000-0x0000000000000000), size 0, SharedBaseAddress: 0x0000000800000000, ArchiveRelocationMode: 1.
Narrow klass base: 0x0000000000000000, Narrow klass shift: 0, Narrow klass range: 0x0

GC Precious Log:
 CardTable entry size: 512
 Card Set container configuration: InlinePtr #cards 4 size 8 Array Of Cards #cards 16 size 48 Howl #buckets 8 coarsen threshold 3686 Howl Bitmap #cards 512 size 80 coarsen threshold 460 Card regions per heap region 1 cards per card region 4096

Heap:
 garbage-first heap   total 0K, used 0K [0x0000000705a00000, 0x0000000800000000)
  region size 2048K, 0 young (0K), 0 survivors (0K)

[error occurred during error reporting (printing heap information), id 0xc0000005, EXCEPTION_ACCESS_VIOLATION (0xc0000005) at pc=0x00007ffd9ac7e669]
GC Heap History (0 events):
No events

Dll operation events (1 events):
Event: 0.013 Loaded shared library C:\Program Files\Java\jdk-21\bin\java.dll

Deoptimization events (0 events):
No events

Classes loaded (0 events):
No events

Classes unloaded (0 events):
No events

Classes redefined (0 events):
No events

Internal exceptions (0 events):
No events

ZGC Phase Switch (0 events):
No events

VM Operations (0 events):
No events

Events (0 events):
No events


Dynamic libraries:
0x00007ff738400000 - 0x00007ff738410000 	C:\Program Files\Java\jdk-21\bin\java.exe
0x00007ffe3e110000 - 0x00007ffe3e308000 	C:\Windows\SYSTEM32\ntdll.dll
0x00007ffe3d270000 - 0x00007ffe3d332000 	C:\Windows\System32\KERNEL32.DLL
0x00007ffe3ba00000 - 0x00007ffe3bcf7000 	C:\Windows\System32\KERNELBASE.dll
0x00007ffe3b900000 - 0x00007ffe3ba00000 	C:\Windows\System32\ucrtbase.dll
0x00007ffe0c250000 - 0x00007ffe0c269000 	C:\Program Files\Java\jdk-21\bin\jli.dll
0x00007ffe3e010000 - 0x00007ffe3e0c1000 	C:\Windows\System32\ADVAPI32.dll
0x00007ffe3d0b0000 - 0x00007ffe3d14e000 	C:\Windows\System32\msvcrt.dll
0x00007ffe3ce60000 - 0x00007ffe3ceff000 	C:\Windows\System32\sechost.dll
0x00007ffe3d760000 - 0x00007ffe3d886000 	C:\Windows\System32\RPCRT4.dll
0x00007ffe3c010000 - 0x00007ffe3c037000 	C:\Windows\System32\bcrypt.dll
0x00007ffe3d5c0000 - 0x00007ffe3d75d000 	C:\Windows\System32\USER32.dll
0x00007ffe3bd00000 - 0x00007ffe3bd22000 	C:\Windows\System32\win32u.dll
0x00007ffe3d430000 - 0x00007ffe3d45b000 	C:\Windows\System32\GDI32.dll
0x00007ffe3bd30000 - 0x00007ffe3be49000 	C:\Windows\System32\gdi32full.dll
0x00007ffe3c090000 - 0x00007ffe3c12d000 	C:\Windows\System32\msvcp_win.dll
0x00007ffe1cda0000 - 0x00007ffe1cdbb000 	C:\Program Files\Java\jdk-21\bin\VCRUNTIME140.dll
0x00007ffe1f290000 - 0x00007ffe1f52a000 	C:\Windows\WinSxS\amd64_microsoft.windows.common-controls_6595b64144ccf1df_6.0.19041.5915_none_60b4b9d171f9c7c7\COMCTL32.dll
0x00007ffe331a0000 - 0x00007ffe331aa000 	C:\Windows\SYSTEM32\VERSION.dll
0x00007ffe3d590000 - 0x00007ffe3d5bf000 	C:\Windows\System32\IMM32.DLL
0x00007ffe30120000 - 0x00007ffe3012c000 	C:\Program Files\Java\jdk-21\bin\vcruntime140_1.dll
0x00007ffdfee00000 - 0x00007ffdfee8e000 	C:\Program Files\Java\jdk-21\bin\msvcp140.dll
0x00007ffd9a560000 - 0x00007ffd9b26d000 	C:\Program Files\Java\jdk-21\bin\server\jvm.dll
0x00007ffe3d150000 - 0x00007ffe3d1bb000 	C:\Windows\System32\WS2_32.dll
0x00007ffe3acf0000 - 0x00007ffe3ad3b000 	C:\Windows\SYSTEM32\POWRPROF.dll
0x00007ffe385b0000 - 0x00007ffe385d7000 	C:\Windows\SYSTEM32\WINMM.dll
0x00007ffe3ab60000 - 0x00007ffe3ab72000 	C:\Windows\SYSTEM32\UMPDC.dll
0x00007ffe39f80000 - 0x00007ffe39f92000 	C:\Windows\SYSTEM32\kernel.appcore.dll
0x00007ffe2afd0000 - 0x00007ffe2afda000 	C:\Program Files\Java\jdk-21\bin\jimage.dll
0x00007ffe39410000 - 0x00007ffe39611000 	C:\Windows\SYSTEM32\DBGHELP.DLL
0x00007ffe0e5c0000 - 0x00007ffe0e5f4000 	C:\Windows\SYSTEM32\dbgcore.DLL
0x00007ffe3bed0000 - 0x00007ffe3bf52000 	C:\Windows\System32\bcryptPrimitives.dll
0x00007ffe0e430000 - 0x00007ffe0e44f000 	C:\Program Files\Java\jdk-21\bin\java.dll

dbghelp: loaded successfully - version: 4.0.5 - missing functions: none
symbol engine: initialized successfully - sym options: 0x614 - pdb path: .;C:\Program Files\Java\jdk-21\bin;C:\Windows\SYSTEM32;C:\Windows\WinSxS\amd64_microsoft.windows.common-controls_6595b64144ccf1df_6.0.19041.5915_none_60b4b9d171f9c7c7;C:\Program Files\Java\jdk-21\bin\server

VM Arguments:
jvm_args: -Dapple.awt.UIElement=true 
java_command: com.garmin.monkeybrains.languageserver.LSLauncher
java_class_path (initial): c:\Users\Administrateur\AppData\Roaming\Garmin\ConnectIQ\Sdks\connectiq-sdk-win-8.2.3-2025-08-11-cac5b3b21\bin\LanguageServer.jar
Launcher Type: SUN_STANDARD

[Global flags]
     intx CICompilerCount                          = 4                                         {product} {ergonomic}
     uint ConcGCThreads                            = 3                                         {product} {ergonomic}
     uint G1ConcRefinementThreads                  = 10                                        {product} {ergonomic}
   size_t G1HeapRegionSize                         = 2097152                                   {product} {ergonomic}
    uintx GCDrainStackTargetSize                   = 64                                        {product} {ergonomic}
   size_t InitialHeapSize                          = 264241152                                 {product} {ergonomic}
   size_t MarkStackSize                            = 4194304                                   {product} {ergonomic}
   size_t MaxHeapSize                              = 4200595456                                {product} {ergonomic}
   size_t MinHeapDeltaBytes                        = 2097152                                   {product} {ergonomic}
   size_t MinHeapSize                              = 8388608                                   {product} {ergonomic}
    uintx NonNMethodCodeHeapSize                   = 5839372                                {pd product} {ergonomic}
    uintx NonProfiledCodeHeapSize                  = 122909434                              {pd product} {ergonomic}
    uintx ProfiledCodeHeapSize                     = 122909434                              {pd product} {ergonomic}
    uintx ReservedCodeCacheSize                    = 251658240                              {pd product} {ergonomic}
     bool SegmentedCodeCache                       = true                                      {product} {ergonomic}
   size_t SoftMaxHeapSize                          = 4200595456                             {manageable} {ergonomic}
     bool UseCompressedOops                        = true                           {product lp64_product} {ergonomic}
     bool UseG1GC                                  = true                                      {product} {ergonomic}
     bool UseLargePagesIndividualAllocation        = false                                  {pd product} {ergonomic}

Logging:
Log output configuration:
 #0: stdout all=warning uptime,level,tags foldmultilines=false
 #1: stderr all=off uptime,level,tags foldmultilines=false

Environment Variables:
PATH=C:\Program Files\Python312\Scripts\;C:\Program Files\Python312\;C:\Program Files\Common Files\Oracle\Java\javapath;C:\Windows\system32;C:\Windows;C:\Windows\System32\Wbem;C:\Windows\System32\WindowsPowerShell\v1.0\;C:\Windows\System32\OpenSSH\;C:\Program Files\PuTTY\;C:\Program Files\MATLAB\R2020a\bin;C:\Program Files\Microsoft VS Code\bin;C:\Program Files\Git\cmd;C:\Program Files\swipl\bin;C:\ProgramData\chocolatey\bin;C:\Program Files\nodejs\;C:\ProgramData\chocolatey\lib\maven\apache-maven-3.9.11\bin;C:\Program Files\Docker\Docker\resources\bin;C:\Users\Administrateur\AppData\Local\Microsoft\WindowsApps;C:\Windows\System32;;C:\Program Files\JetBrains\CLion 2024.2.2\bin;;C:\ProgramData\mingw64\mingw64\bin;C:\Users\Administrateur\AppData\Roaming\npm;C:\Users\Administrateur\AppData\Local\Programs\Windsurf\bin;C:\iverilog\bin;C:\iverilog\gtkwave\bin
USERNAME=Cytech
OS=Windows_NT
PROCESSOR_IDENTIFIER=Intel64 Family 6 Model 186 Stepping 3, GenuineIntel
TMP=C:\Users\ADMINI~1\AppData\Local\Temp
TEMP=C:\Users\ADMINI~1\AppData\Local\Temp




Periodic native trim disabled

---------------  S Y S T E M  ---------------

OS:
 Windows 10 , 64 bit Build 19041 (10.0.19041.5915)
OS uptime: 0 days 14:05 hours
Hyper-V role detected

CPU: total 12 (initial active 12) (6 cores per cpu, 2 threads per core) family 6 model 186 stepping 3 microcode 0x4128, cx8, cmov, fxsr, ht, mmx, 3dnowpref, sse, sse2, sse3, ssse3, sse4.1, sse4.2, popcnt, lzcnt, tsc, tscinvbit, avx, avx2, aes, erms, clmul, bmi1, bmi2, adx, sha, fma, vzeroupper, clflush, clflushopt, clwb, hv, rdtscp, rdpid, fsrm, f16c, cet_ibt, cet_ss
Processor Information for all 12 processors :
  Max Mhz: 1300, Current Mhz: 1300, Mhz Limit: 1300

Memory: 4k page, system-wide physical 16016M (554M free)
TotalPageFile size 39936M (AvailPageFile size 198M)
current process WorkingSet (physical memory assigned to process): 10M, peak: 10M
current process commit charge ("private bytes"): 64M, peak: 316M

vm_info: Java HotSpot(TM) 64-Bit Server VM (21.0.3+7-LTS-152) for windows-amd64 JRE (21.0.3+7-LTS-152), built on 2024-03-11T17:42:26Z by "mach5one" with MS VC++ 17.6 (VS2022)

END.
